<?xml version="1.0" encoding="UTF-8"?>
<testsuite xmlns:xsi="http://www.w3.org/2001/XMLSchema-instance" xsi:noNamespaceSchemaLocation="https://maven.apache.org/surefire/maven-surefire-plugin/xsd/surefire-test-report.xsd" name="com.mylearning.TestCases.LoginTest" time="159.083" tests="5" errors="0" skipped="0" failures="1">
  <properties>
    <property name="sun.desktop" value="windows"/>
    <property name="awt.toolkit" value="sun.awt.windows.WToolkit"/>
    <property name="file.encoding.pkg" value="sun.io"/>
    <property name="java.specification.version" value="1.8"/>
    <property name="sun.cpu.isalist" value="amd64"/>
    <property name="sun.jnu.encoding" value="Cp1252"/>
    <property name="java.class.path" value="E:\WORK\MyFrameworkDesign\target\test-classes;E:\WORK\MyFrameworkDesign\target\classes;C:\Users\Anirudh\.m2\repository\io\rest-assured\rest-assured\3.3.0\rest-assured-3.3.0.jar;C:\Users\Anirudh\.m2\repository\org\codehaus\groovy\groovy\2.4.15\groovy-2.4.15.jar;C:\Users\Anirudh\.m2\repository\org\codehaus\groovy\groovy-xml\2.4.15\groovy-xml-2.4.15.jar;C:\Users\Anirudh\.m2\repository\org\apache\httpcomponents\httpclient\4.5.3\httpclient-4.5.3.jar;C:\Users\Anirudh\.m2\repository\org\apache\httpcomponents\httpcore\4.4.6\httpcore-4.4.6.jar;C:\Users\Anirudh\.m2\repository\commons-logging\commons-logging\1.2\commons-logging-1.2.jar;C:\Users\Anirudh\.m2\repository\org\apache\httpcomponents\httpmime\4.5.3\httpmime-4.5.3.jar;C:\Users\Anirudh\.m2\repository\org\hamcrest\hamcrest-core\1.3\hamcrest-core-1.3.jar;C:\Users\Anirudh\.m2\repository\org\hamcrest\hamcrest-library\1.3\hamcrest-library-1.3.jar;C:\Users\Anirudh\.m2\repository\org\ccil\cowan\tagsoup\tagsoup\1.2.1\tagsoup-1.2.1.jar;C:\Users\Anirudh\.m2\repository\io\rest-assured\json-path\3.3.0\json-path-3.3.0.jar;C:\Users\Anirudh\.m2\repository\org\codehaus\groovy\groovy-json\2.4.15\groovy-json-2.4.15.jar;C:\Users\Anirudh\.m2\repository\io\rest-assured\rest-assured-common\3.3.0\rest-assured-common-3.3.0.jar;C:\Users\Anirudh\.m2\repository\io\rest-assured\xml-path\3.3.0\xml-path-3.3.0.jar;C:\Users\Anirudh\.m2\repository\org\apache\commons\commons-lang3\3.4\commons-lang3-3.4.jar;C:\Users\Anirudh\.m2\repository\javax\xml\bind\jaxb-api\2.2.12\jaxb-api-2.2.12.jar;C:\Users\Anirudh\.m2\repository\com\sun\xml\bind\jaxb-osgi\2.2.10\jaxb-osgi-2.2.10.jar;C:\Users\Anirudh\.m2\repository\org\apache\sling\org.apache.sling.javax.activation\0.1.0\org.apache.sling.javax.activation-0.1.0.jar;C:\Users\Anirudh\.m2\repository\javax\activation\activation\1.1.1\activation-1.1.1.jar;C:\Users\Anirudh\.m2\repository\org\seleniumhq\selenium\selenium-java\3.141.59\selenium-java-3.141.59.jar;C:\Users\Anirudh\.m2\repository\org\seleniumhq\selenium\selenium-api\3.141.59\selenium-api-3.141.59.jar;C:\Users\Anirudh\.m2\repository\org\seleniumhq\selenium\selenium-chrome-driver\3.141.59\selenium-chrome-driver-3.141.59.jar;C:\Users\Anirudh\.m2\repository\org\seleniumhq\selenium\selenium-edge-driver\3.141.59\selenium-edge-driver-3.141.59.jar;C:\Users\Anirudh\.m2\repository\org\seleniumhq\selenium\selenium-firefox-driver\3.141.59\selenium-firefox-driver-3.141.59.jar;C:\Users\Anirudh\.m2\repository\org\seleniumhq\selenium\selenium-ie-driver\3.141.59\selenium-ie-driver-3.141.59.jar;C:\Users\Anirudh\.m2\repository\org\seleniumhq\selenium\selenium-opera-driver\3.141.59\selenium-opera-driver-3.141.59.jar;C:\Users\Anirudh\.m2\repository\org\seleniumhq\selenium\selenium-remote-driver\3.141.59\selenium-remote-driver-3.141.59.jar;C:\Users\Anirudh\.m2\repository\org\seleniumhq\selenium\selenium-safari-driver\3.141.59\selenium-safari-driver-3.141.59.jar;C:\Users\Anirudh\.m2\repository\org\seleniumhq\selenium\selenium-support\3.141.59\selenium-support-3.141.59.jar;C:\Users\Anirudh\.m2\repository\net\bytebuddy\byte-buddy\1.8.15\byte-buddy-1.8.15.jar;C:\Users\Anirudh\.m2\repository\org\apache\commons\commons-exec\1.3\commons-exec-1.3.jar;C:\Users\Anirudh\.m2\repository\com\google\guava\guava\25.0-jre\guava-25.0-jre.jar;C:\Users\Anirudh\.m2\repository\com\google\code\findbugs\jsr305\1.3.9\jsr305-1.3.9.jar;C:\Users\Anirudh\.m2\repository\org\checkerframework\checker-compat-qual\2.0.0\checker-compat-qual-2.0.0.jar;C:\Users\Anirudh\.m2\repository\com\google\errorprone\error_prone_annotations\2.1.3\error_prone_annotations-2.1.3.jar;C:\Users\Anirudh\.m2\repository\com\google\j2objc\j2objc-annotations\1.1\j2objc-annotations-1.1.jar;C:\Users\Anirudh\.m2\repository\org\codehaus\mojo\animal-sniffer-annotations\1.14\animal-sniffer-annotations-1.14.jar;C:\Users\Anirudh\.m2\repository\com\squareup\okhttp3\okhttp\3.11.0\okhttp-3.11.0.jar;C:\Users\Anirudh\.m2\repository\com\squareup\okio\okio\1.14.0\okio-1.14.0.jar;C:\Users\Anirudh\.m2\repository\commons-io\commons-io\2.6\commons-io-2.6.jar;C:\Users\Anirudh\.m2\repository\org\apache\poi\poi\3.17\poi-3.17.jar;C:\Users\Anirudh\.m2\repository\commons-codec\commons-codec\1.10\commons-codec-1.10.jar;C:\Users\Anirudh\.m2\repository\org\apache\commons\commons-collections4\4.1\commons-collections4-4.1.jar;C:\Users\Anirudh\.m2\repository\org\apache\poi\poi-ooxml\3.17\poi-ooxml-3.17.jar;C:\Users\Anirudh\.m2\repository\org\apache\poi\poi-ooxml-schemas\3.17\poi-ooxml-schemas-3.17.jar;C:\Users\Anirudh\.m2\repository\org\apache\xmlbeans\xmlbeans\2.6.0\xmlbeans-2.6.0.jar;C:\Users\Anirudh\.m2\repository\stax\stax-api\1.0.1\stax-api-1.0.1.jar;C:\Users\Anirudh\.m2\repository\com\github\virtuald\curvesapi\1.04\curvesapi-1.04.jar;C:\Users\Anirudh\.m2\repository\org\testng\testng\6.11\testng-6.11.jar;C:\Users\Anirudh\.m2\repository\com\beust\jcommander\1.64\jcommander-1.64.jar;C:\Users\Anirudh\.m2\repository\org\yaml\snakeyaml\1.17\snakeyaml-1.17.jar;C:\Users\Anirudh\.m2\repository\com\google\inject\guice\4.1.0\guice-4.1.0-no_aop.jar;C:\Users\Anirudh\.m2\repository\javax\inject\javax.inject\1\javax.inject-1.jar;C:\Users\Anirudh\.m2\repository\aopalliance\aopalliance\1.0\aopalliance-1.0.jar;C:\Users\Anirudh\.m2\repository\org\apache\logging\log4j\log4j-api\2.13.1\log4j-api-2.13.1.jar;C:\Users\Anirudh\.m2\repository\org\apache\logging\log4j\log4j-core\2.13.1\log4j-core-2.13.1.jar;C:\Users\Anirudh\.m2\repository\com\aventstack\extentreports\4.0.9\extentreports-4.0.9.jar;C:\Users\Anirudh\.m2\repository\org\freemarker\freemarker\2.3.23\freemarker-2.3.23.jar;C:\Users\Anirudh\.m2\repository\org\mongodb\mongodb-driver\3.3.0\mongodb-driver-3.3.0.jar;C:\Users\Anirudh\.m2\repository\org\mongodb\mongodb-driver-core\3.3.0\mongodb-driver-core-3.3.0.jar;C:\Users\Anirudh\.m2\repository\org\mongodb\bson\3.3.0\bson-3.3.0.jar;C:\Users\Anirudh\.m2\repository\com\google\code\gson\gson\2.8.5\gson-2.8.5.jar;"/>
    <property name="java.vm.vendor" value="Oracle Corporation"/>
    <property name="sun.arch.data.model" value="64"/>
    <property name="user.variant" value=""/>
    <property name="java.vendor.url" value="http://java.oracle.com/"/>
    <property name="user.timezone" value="Asia/Calcutta"/>
    <property name="java.vm.specification.version" value="1.8"/>
    <property name="os.name" value="Windows 10"/>
    <property name="user.country" value="US"/>
    <property name="sun.java.launcher" value="SUN_STANDARD"/>
    <property name="sun.boot.library.path" value="C:\Program Files\Java\jdk1.8.0_251\jre\bin"/>
    <property name="sun.java.command" value="C:\Users\Anirudh\AppData\Local\Temp\surefire7601950462854969608\surefirebooter3951854367751010792.jar C:\Users\Anirudh\AppData\Local\Temp\surefire7601950462854969608 2020-04-21T23-37-49_983-jvmRun1 surefire2619788962173410679tmp surefire_01765458378739071471tmp"/>
    <property name="surefire.test.class.path" value="E:\WORK\MyFrameworkDesign\target\test-classes;E:\WORK\MyFrameworkDesign\target\classes;C:\Users\Anirudh\.m2\repository\io\rest-assured\rest-assured\3.3.0\rest-assured-3.3.0.jar;C:\Users\Anirudh\.m2\repository\org\codehaus\groovy\groovy\2.4.15\groovy-2.4.15.jar;C:\Users\Anirudh\.m2\repository\org\codehaus\groovy\groovy-xml\2.4.15\groovy-xml-2.4.15.jar;C:\Users\Anirudh\.m2\repository\org\apache\httpcomponents\httpclient\4.5.3\httpclient-4.5.3.jar;C:\Users\Anirudh\.m2\repository\org\apache\httpcomponents\httpcore\4.4.6\httpcore-4.4.6.jar;C:\Users\Anirudh\.m2\repository\commons-logging\commons-logging\1.2\commons-logging-1.2.jar;C:\Users\Anirudh\.m2\repository\org\apache\httpcomponents\httpmime\4.5.3\httpmime-4.5.3.jar;C:\Users\Anirudh\.m2\repository\org\hamcrest\hamcrest-core\1.3\hamcrest-core-1.3.jar;C:\Users\Anirudh\.m2\repository\org\hamcrest\hamcrest-library\1.3\hamcrest-library-1.3.jar;C:\Users\Anirudh\.m2\repository\org\ccil\cowan\tagsoup\tagsoup\1.2.1\tagsoup-1.2.1.jar;C:\Users\Anirudh\.m2\repository\io\rest-assured\json-path\3.3.0\json-path-3.3.0.jar;C:\Users\Anirudh\.m2\repository\org\codehaus\groovy\groovy-json\2.4.15\groovy-json-2.4.15.jar;C:\Users\Anirudh\.m2\repository\io\rest-assured\rest-assured-common\3.3.0\rest-assured-common-3.3.0.jar;C:\Users\Anirudh\.m2\repository\io\rest-assured\xml-path\3.3.0\xml-path-3.3.0.jar;C:\Users\Anirudh\.m2\repository\org\apache\commons\commons-lang3\3.4\commons-lang3-3.4.jar;C:\Users\Anirudh\.m2\repository\javax\xml\bind\jaxb-api\2.2.12\jaxb-api-2.2.12.jar;C:\Users\Anirudh\.m2\repository\com\sun\xml\bind\jaxb-osgi\2.2.10\jaxb-osgi-2.2.10.jar;C:\Users\Anirudh\.m2\repository\org\apache\sling\org.apache.sling.javax.activation\0.1.0\org.apache.sling.javax.activation-0.1.0.jar;C:\Users\Anirudh\.m2\repository\javax\activation\activation\1.1.1\activation-1.1.1.jar;C:\Users\Anirudh\.m2\repository\org\seleniumhq\selenium\selenium-java\3.141.59\selenium-java-3.141.59.jar;C:\Users\Anirudh\.m2\repository\org\seleniumhq\selenium\selenium-api\3.141.59\selenium-api-3.141.59.jar;C:\Users\Anirudh\.m2\repository\org\seleniumhq\selenium\selenium-chrome-driver\3.141.59\selenium-chrome-driver-3.141.59.jar;C:\Users\Anirudh\.m2\repository\org\seleniumhq\selenium\selenium-edge-driver\3.141.59\selenium-edge-driver-3.141.59.jar;C:\Users\Anirudh\.m2\repository\org\seleniumhq\selenium\selenium-firefox-driver\3.141.59\selenium-firefox-driver-3.141.59.jar;C:\Users\Anirudh\.m2\repository\org\seleniumhq\selenium\selenium-ie-driver\3.141.59\selenium-ie-driver-3.141.59.jar;C:\Users\Anirudh\.m2\repository\org\seleniumhq\selenium\selenium-opera-driver\3.141.59\selenium-opera-driver-3.141.59.jar;C:\Users\Anirudh\.m2\repository\org\seleniumhq\selenium\selenium-remote-driver\3.141.59\selenium-remote-driver-3.141.59.jar;C:\Users\Anirudh\.m2\repository\org\seleniumhq\selenium\selenium-safari-driver\3.141.59\selenium-safari-driver-3.141.59.jar;C:\Users\Anirudh\.m2\repository\org\seleniumhq\selenium\selenium-support\3.141.59\selenium-support-3.141.59.jar;C:\Users\Anirudh\.m2\repository\net\bytebuddy\byte-buddy\1.8.15\byte-buddy-1.8.15.jar;C:\Users\Anirudh\.m2\repository\org\apache\commons\commons-exec\1.3\commons-exec-1.3.jar;C:\Users\Anirudh\.m2\repository\com\google\guava\guava\25.0-jre\guava-25.0-jre.jar;C:\Users\Anirudh\.m2\repository\com\google\code\findbugs\jsr305\1.3.9\jsr305-1.3.9.jar;C:\Users\Anirudh\.m2\repository\org\checkerframework\checker-compat-qual\2.0.0\checker-compat-qual-2.0.0.jar;C:\Users\Anirudh\.m2\repository\com\google\errorprone\error_prone_annotations\2.1.3\error_prone_annotations-2.1.3.jar;C:\Users\Anirudh\.m2\repository\com\google\j2objc\j2objc-annotations\1.1\j2objc-annotations-1.1.jar;C:\Users\Anirudh\.m2\repository\org\codehaus\mojo\animal-sniffer-annotations\1.14\animal-sniffer-annotations-1.14.jar;C:\Users\Anirudh\.m2\repository\com\squareup\okhttp3\okhttp\3.11.0\okhttp-3.11.0.jar;C:\Users\Anirudh\.m2\repository\com\squareup\okio\okio\1.14.0\okio-1.14.0.jar;C:\Users\Anirudh\.m2\repository\commons-io\commons-io\2.6\commons-io-2.6.jar;C:\Users\Anirudh\.m2\repository\org\apache\poi\poi\3.17\poi-3.17.jar;C:\Users\Anirudh\.m2\repository\commons-codec\commons-codec\1.10\commons-codec-1.10.jar;C:\Users\Anirudh\.m2\repository\org\apache\commons\commons-collections4\4.1\commons-collections4-4.1.jar;C:\Users\Anirudh\.m2\repository\org\apache\poi\poi-ooxml\3.17\poi-ooxml-3.17.jar;C:\Users\Anirudh\.m2\repository\org\apache\poi\poi-ooxml-schemas\3.17\poi-ooxml-schemas-3.17.jar;C:\Users\Anirudh\.m2\repository\org\apache\xmlbeans\xmlbeans\2.6.0\xmlbeans-2.6.0.jar;C:\Users\Anirudh\.m2\repository\stax\stax-api\1.0.1\stax-api-1.0.1.jar;C:\Users\Anirudh\.m2\repository\com\github\virtuald\curvesapi\1.04\curvesapi-1.04.jar;C:\Users\Anirudh\.m2\repository\org\testng\testng\6.11\testng-6.11.jar;C:\Users\Anirudh\.m2\repository\com\beust\jcommander\1.64\jcommander-1.64.jar;C:\Users\Anirudh\.m2\repository\org\yaml\snakeyaml\1.17\snakeyaml-1.17.jar;C:\Users\Anirudh\.m2\repository\com\google\inject\guice\4.1.0\guice-4.1.0-no_aop.jar;C:\Users\Anirudh\.m2\repository\javax\inject\javax.inject\1\javax.inject-1.jar;C:\Users\Anirudh\.m2\repository\aopalliance\aopalliance\1.0\aopalliance-1.0.jar;C:\Users\Anirudh\.m2\repository\org\apache\logging\log4j\log4j-api\2.13.1\log4j-api-2.13.1.jar;C:\Users\Anirudh\.m2\repository\org\apache\logging\log4j\log4j-core\2.13.1\log4j-core-2.13.1.jar;C:\Users\Anirudh\.m2\repository\com\aventstack\extentreports\4.0.9\extentreports-4.0.9.jar;C:\Users\Anirudh\.m2\repository\org\freemarker\freemarker\2.3.23\freemarker-2.3.23.jar;C:\Users\Anirudh\.m2\repository\org\mongodb\mongodb-driver\3.3.0\mongodb-driver-3.3.0.jar;C:\Users\Anirudh\.m2\repository\org\mongodb\mongodb-driver-core\3.3.0\mongodb-driver-core-3.3.0.jar;C:\Users\Anirudh\.m2\repository\org\mongodb\bson\3.3.0\bson-3.3.0.jar;C:\Users\Anirudh\.m2\repository\com\google\code\gson\gson\2.8.5\gson-2.8.5.jar;"/>
    <property name="sun.cpu.endian" value="little"/>
    <property name="user.home" value="C:\Users\Anirudh"/>
    <property name="user.language" value="en"/>
    <property name="java.specification.vendor" value="Oracle Corporation"/>
    <property name="java.home" value="C:\Program Files\Java\jdk1.8.0_251\jre"/>
    <property name="basedir" value="E:\WORK\MyFrameworkDesign"/>
    <property name="file.separator" value="\"/>
    <property name="line.separator" value="&#10;"/>
    <property name="java.vm.specification.vendor" value="Oracle Corporation"/>
    <property name="java.specification.name" value="Java Platform API Specification"/>
    <property name="java.awt.graphicsenv" value="sun.awt.Win32GraphicsEnvironment"/>
    <property name="surefire.real.class.path" value="C:\Users\Anirudh\AppData\Local\Temp\surefire7601950462854969608\surefirebooter3951854367751010792.jar"/>
    <property name="sun.boot.class.path" value="C:\Program Files\Java\jdk1.8.0_251\jre\lib\resources.jar;C:\Program Files\Java\jdk1.8.0_251\jre\lib\rt.jar;C:\Program Files\Java\jdk1.8.0_251\jre\lib\sunrsasign.jar;C:\Program Files\Java\jdk1.8.0_251\jre\lib\jsse.jar;C:\Program Files\Java\jdk1.8.0_251\jre\lib\jce.jar;C:\Program Files\Java\jdk1.8.0_251\jre\lib\charsets.jar;C:\Program Files\Java\jdk1.8.0_251\jre\lib\jfr.jar;C:\Program Files\Java\jdk1.8.0_251\jre\classes"/>
    <property name="user.script" value=""/>
    <property name="sun.management.compiler" value="HotSpot 64-Bit Tiered Compilers"/>
    <property name="java.runtime.version" value="1.8.0_251-b08"/>
    <property name="user.name" value="Anirudh"/>
    <property name="path.separator" value=";"/>
    <property name="os.version" value="10.0"/>
    <property name="java.endorsed.dirs" value="C:\Program Files\Java\jdk1.8.0_251\jre\lib\endorsed"/>
    <property name="java.runtime.name" value="Java(TM) SE Runtime Environment"/>
    <property name="file.encoding" value="Cp1252"/>
    <property name="java.vm.name" value="Java HotSpot(TM) 64-Bit Server VM"/>
    <property name="localRepository" value="C:\Users\Anirudh\.m2\repository"/>
    <property name="java.vendor.url.bug" value="http://bugreport.sun.com/bugreport/"/>
    <property name="java.io.tmpdir" value="C:\Users\Anirudh\AppData\Local\Temp\"/>
    <property name="java.version" value="1.8.0_251"/>
    <property name="user.dir" value="E:\WORK\MyFrameworkDesign"/>
    <property name="os.arch" value="amd64"/>
    <property name="java.vm.specification.name" value="Java Virtual Machine Specification"/>
    <property name="java.awt.printerjob" value="sun.awt.windows.WPrinterJob"/>
    <property name="sun.os.patch.level" value=""/>
    <property name="java.library.path" value="C:\Program Files\Java\jdk1.8.0_251\jre\bin;C:\WINDOWS\Sun\Java\bin;C:\WINDOWS\system32;C:\WINDOWS;C:\WINDOWS\system32;C:\WINDOWS;C:\WINDOWS\System32\Wbem;C:\WINDOWS\System32\WindowsPowerShell\v1.0\;C:\WINDOWS\System32\OpenSSH\;C:\Program Files\Git\cmd;C:\Program Files\Java\jdk1.8.0_251\bin;E:\apache-maven-3.6.3\bin;C:\Users\Anirudh\AppData\Local\Microsoft\WindowsApps;;."/>
    <property name="java.vm.info" value="mixed mode"/>
    <property name="java.vendor" value="Oracle Corporation"/>
    <property name="java.vm.version" value="25.251-b08"/>
    <property name="java.ext.dirs" value="C:\Program Files\Java\jdk1.8.0_251\jre\lib\ext;C:\WINDOWS\Sun\Java\lib\ext"/>
    <property name="sun.io.unicode.encoding" value="UnicodeLittle"/>
    <property name="java.class.version" value="52.0"/>
  </properties>
  <testcase name="ValicadteWelcomeMsg" classname="com.mylearning.TestCases.LoginTest" time="2.562"/>
  <testcase name="ValidateLogo" classname="com.mylearning.TestCases.LoginTest" time="0.097"/>
  <testcase name="checkbranch1" classname="com.mylearning.TestCases.LoginTest" time="0.02"/>
  <testcase name="testfail" classname="com.mylearning.TestCases.LoginTest" time="0.117">
    <failure message="expected [false] but found [true]" type="java.lang.AssertionError">java.lang.AssertionError: expected [false] but found [true]
	at com.mylearning.TestCases.LoginTest.testfail(LoginTest.java:72)
</failure>
    <system-out><![CDATA[after method
E:\WORK\MyFrameworkDesign
Before navigating to: 'https://classic.freecrm.com/index.html'
Navigated to:'https://classic.freecrm.com/index.html'
]]></system-out>
    <system-err><![CDATA[Starting ChromeDriver 80.0.3987.106 (f68069574609230cf9b635cd784cfb1bf81bb53a-refs/branch-heads/3987@{#882}) on port 44764
Only local connections are allowed.
Please protect ports used by ChromeDriver and related test frameworks to prevent access by malicious code.
[1587492602.907][WARNING]: Timed out connecting to Chrome, retrying...
Apr 21, 2020 11:40:04 PM org.openqa.selenium.remote.ProtocolHandshake createSession
INFO: Detected dialect: W3C
[1587492606.971][WARNING]: Timed out connecting to Chrome, retrying...
[1587492610.207][SEVERE]: Timed out receiving message from renderer: 0.100
[1587492610.308][SEVERE]: Timed out receiving message from renderer: 0.100
[1587492610.409][SEVERE]: Timed out receiving message from renderer: 0.100
[1587492610.511][SEVERE]: Timed out receiving message from renderer: 0.100
[1587492610.612][SEVERE]: Timed out receiving message from renderer: 0.100
[1587492610.714][SEVERE]: Timed out receiving message from renderer: 0.100
[1587492610.815][SEVERE]: Timed out receiving message from renderer: 0.100
[1587492610.918][SEVERE]: Timed out receiving message from renderer: 0.100
[1587492611.019][SEVERE]: Timed out receiving message from renderer: 0.100
[1587492611.120][SEVERE]: Timed out receiving message from renderer: 0.100
[1587492611.222][SEVERE]: Timed out receiving message from renderer: 0.100
[1587492611.323][SEVERE]: Timed out receiving message from renderer: 0.100
[1587492611.424][SEVERE]: Timed out receiving message from renderer: 0.100
[1587492611.525][SEVERE]: Timed out receiving message from renderer: 0.100
[1587492611.627][SEVERE]: Timed out receiving message from renderer: 0.100
[1587492611.729][SEVERE]: Timed out receiving message from renderer: 0.100
[1587492611.831][SEVERE]: Timed out receiving message from renderer: 0.100
[1587492611.933][SEVERE]: Timed out receiving message from renderer: 0.100
[1587492612.035][SEVERE]: Timed out receiving message from renderer: 0.100
[1587492612.137][SEVERE]: Timed out receiving message from renderer: 0.100
[1587492612.238][SEVERE]: Timed out receiving message from renderer: 0.100
[1587492612.340][SEVERE]: Timed out receiving message from renderer: 0.100
[1587492612.442][SEVERE]: Timed out receiving message from renderer: 0.100
[1587492612.544][SEVERE]: Timed out receiving message from renderer: 0.100
[1587492612.645][SEVERE]: Timed out receiving message from renderer: 0.100
[1587492612.747][SEVERE]: Timed out receiving message from renderer: 0.100
[1587492612.849][SEVERE]: Timed out receiving message from renderer: 0.100
[1587492612.950][SEVERE]: Timed out receiving message from renderer: 0.100
[1587492613.052][SEVERE]: Timed out receiving message from renderer: 0.100
[1587492613.153][SEVERE]: Timed out receiving message from renderer: 0.100
[1587492613.255][SEVERE]: Timed out receiving message from renderer: 0.100
[1587492613.356][SEVERE]: Timed out receiving message from renderer: 0.100
[1587492613.458][SEVERE]: Timed out receiving message from renderer: 0.100
[1587492613.559][SEVERE]: Timed out receiving message from renderer: 0.100
[1587492613.661][SEVERE]: Timed out receiving message from renderer: 0.100
[1587492613.762][SEVERE]: Timed out receiving message from renderer: 0.100
[1587492613.863][SEVERE]: Timed out receiving message from renderer: 0.100
[1587492613.965][SEVERE]: Timed out receiving message from renderer: 0.100
[1587492614.067][SEVERE]: Timed out receiving message from renderer: 0.100
[1587492614.171][SEVERE]: Timed out receiving message from renderer: 0.100
[1587492614.273][SEVERE]: Timed out receiving message from renderer: 0.100
[1587492614.375][SEVERE]: Timed out receiving message from renderer: 0.100
[1587492614.476][SEVERE]: Timed out receiving message from renderer: 0.100
[1587492614.577][SEVERE]: Timed out receiving message from renderer: 0.100
[1587492615.495][SEVERE]: Timed out receiving message from renderer: 0.100
[1587492615.596][SEVERE]: Timed out receiving message from renderer: 0.100
[1587492615.700][SEVERE]: Timed out receiving message from renderer: 0.100
[1587492615.802][SEVERE]: Timed out receiving message from renderer: 0.100
[1587492615.911][SEVERE]: Timed out receiving message from renderer: 0.100
[1587492616.020][SEVERE]: Timed out receiving message from renderer: 0.100
[1587492616.139][SEVERE]: Timed out receiving message from renderer: 0.100
[1587492616.241][SEVERE]: Timed out receiving message from renderer: 0.100
[1587492616.343][SEVERE]: Timed out receiving message from renderer: 0.100
[1587492616.444][SEVERE]: Timed out receiving message from renderer: 0.100
[1587492616.545][SEVERE]: Timed out receiving message from renderer: 0.100
[1587492616.739][SEVERE]: Timed out receiving message from renderer: 0.100
[1587492616.840][SEVERE]: Timed out receiving message from renderer: 0.100
[1587492616.942][SEVERE]: Timed out receiving message from renderer: 0.100
[1587492617.044][SEVERE]: Timed out receiving message from renderer: 0.100
[1587492617.145][SEVERE]: Timed out receiving message from renderer: 0.100
[1587492617.246][SEVERE]: Timed out receiving message from renderer: 0.100
[1587492617.348][SEVERE]: Timed out receiving message from renderer: 0.100
[1587492617.451][SEVERE]: Timed out receiving message from renderer: 0.100
[1587492617.555][SEVERE]: Timed out receiving message from renderer: 0.100
[1587492617.657][SEVERE]: Timed out receiving message from renderer: 0.100
[1587492617.780][SEVERE]: Timed out receiving message from renderer: 0.100
[1587492617.881][SEVERE]: Timed out receiving message from renderer: 0.100
[1587492617.982][SEVERE]: Timed out receiving message from renderer: 0.100
[1587492618.083][SEVERE]: Timed out receiving message from renderer: 0.100
[1587492618.185][SEVERE]: Timed out receiving message from renderer: 0.100
[1587492618.288][SEVERE]: Timed out receiving message from renderer: 0.100
[1587492618.389][SEVERE]: Timed out receiving message from renderer: 0.100
[1587492618.492][SEVERE]: Timed out receiving message from renderer: 0.100
[1587492618.594][SEVERE]: Timed out receiving message from renderer: 0.100
[1587492618.695][SEVERE]: Timed out receiving message from renderer: 0.100
[1587492618.796][SEVERE]: Timed out receiving message from renderer: 0.100
[1587492618.897][SEVERE]: Timed out receiving message from renderer: 0.100
[1587492618.999][SEVERE]: Timed out receiving message from renderer: 0.100
[1587492619.100][SEVERE]: Timed out receiving message from renderer: 0.100
[1587492619.201][SEVERE]: Timed out receiving message from renderer: 0.100
[1587492619.303][SEVERE]: Timed out receiving message from renderer: 0.100
[1587492619.407][SEVERE]: Timed out receiving message from renderer: 0.100
[1587492619.509][SEVERE]: Timed out receiving message from renderer: 0.100
[1587492619.610][SEVERE]: Timed out receiving message from renderer: 0.100
[1587492619.712][SEVERE]: Timed out receiving message from renderer: 0.100
[1587492619.813][SEVERE]: Timed out receiving message from renderer: 0.100
[1587492619.914][SEVERE]: Timed out receiving message from renderer: 0.100
[1587492620.016][SEVERE]: Timed out receiving message from renderer: 0.100
[1587492620.118][SEVERE]: Timed out receiving message from renderer: 0.100
[1587492620.219][SEVERE]: Timed out receiving message from renderer: 0.100
[1587492620.322][SEVERE]: Timed out receiving message from renderer: 0.100
[1587492620.424][SEVERE]: Timed out receiving message from renderer: 0.100
[1587492620.526][SEVERE]: Timed out receiving message from renderer: 0.100
[1587492620.628][SEVERE]: Timed out receiving message from renderer: 0.100
[1587492620.729][SEVERE]: Timed out receiving message from renderer: 0.100
[1587492620.830][SEVERE]: Timed out receiving message from renderer: 0.100
[1587492620.932][SEVERE]: Timed out receiving message from renderer: 0.100
[1587492621.033][SEVERE]: Timed out receiving message from renderer: 0.100
[1587492621.134][SEVERE]: Timed out receiving message from renderer: 0.100
[1587492621.236][SEVERE]: Timed out receiving message from renderer: 0.100
[1587492621.344][SEVERE]: Timed out receiving message from renderer: 0.100
[1587492621.445][SEVERE]: Timed out receiving message from renderer: 0.100
[1587492621.546][SEVERE]: Timed out receiving message from renderer: 0.100
[1587492621.647][SEVERE]: Timed out receiving message from renderer: 0.100
[1587492621.749][SEVERE]: Timed out receiving message from renderer: 0.100
]]></system-err>
  </testcase>
  <testcase name="validatelogin" classname="com.mylearning.TestCases.LoginTest" time="12.183"/>
</testsuite>