<?xml version="1.0" encoding="UTF-8"?>
<!-- Generated by org.testng.reporters.JUnitReportReporter -->
<testsuite hostname="DESKTOP-BP6165A" failures="0" tests="2" name="com.qa.first.TestNgBasics" time="12.782" errors="0" timestamp="20 Mar 2020 15:46:19 GMT" skipped="1">
  <testcase classname="com.qa.first.TestNgBasics" name="testcastfirst" time="12.782"/>
  <testcase classname="com.qa.first.TestNgBasics" name="testcasesecond">
    <skipped/>
  </testcase> <!-- testcasesecond -->
</testsuite> <!-- com.qa.first.TestNgBasics -->
