<?xml version="1.0" encoding="UTF-8"?>
<!-- Generated by org.testng.reporters.JUnitReportReporter -->
<testsuite hostname="DESKTOP-BP6165A" failures="0" tests="4" name="com.mylearning.TestCases.LoginTest" time="20.602" errors="0" timestamp="2020-04-17T01:35:48 IST" skipped="3">
  <testcase classname="com.mylearning.TestCases.LoginTest" name="ValidateLogo" time="20.602"/>
  <system-out/>
  <testcase classname="com.mylearning.TestCases.LoginTest" name="testfail">
    <skipped/>
  </testcase> <!-- testfail -->
  <system-out/>
  <testcase classname="com.mylearning.TestCases.LoginTest" name="ValicadteWelcomeMsg">
    <skipped/>
  </testcase> <!-- ValicadteWelcomeMsg -->
  <system-out/>
  <testcase classname="com.mylearning.TestCases.LoginTest" name="validatelogin">
    <skipped/>
  </testcase> <!-- validatelogin -->
  <system-out/>
</testsuite> <!-- com.mylearning.TestCases.LoginTest -->
